<?xml version="1.0" encoding="UTF-8"?>
<!-- Generated by org.testng.reporters.JUnitReportReporter -->
<testsuite hostname="Siddhupilla" failures="0" tests="1" name="maven.testng.NewTestDemo" time="0.005" errors="0" timestamp="2025-03-08T21:21:34 IST" skipped="0">
  <testcase classname="maven.testng.NewTestDemo" name="f" time="0.005"/>
</testsuite> <!-- maven.testng.NewTestDemo -->
