<?xml version="1.0" encoding="UTF-8"?>
<!-- Generated by org.testng.reporters.JUnitReportReporter -->
<testsuite hostname="Siddhupilla" failures="0" tests="1" name="maven.testng.loginUserNew" time="0.804" errors="0" timestamp="2025-03-08T21:24:15 IST" skipped="0">
  <testcase classname="maven.testng.loginUserNew" name="titleTest" time="0.804"/>
</testsuite> <!-- maven.testng.loginUserNew -->
